<?xml version="1.0" encoding="UTF-8"?>
<testng-results skipped="0" failed="0" ignored="0" total="1" passed="1">
  <reporter-output>
  </reporter-output>
  <suite name="Default suite" duration-ms="51638" started-at="2020-06-12T11:38:04 IST" finished-at="2020-06-12T11:38:55 IST">
    <groups>
    </groups>
    <test name="Default test" duration-ms="51638" started-at="2020-06-12T11:38:04 IST" finished-at="2020-06-12T11:38:55 IST">
      <class name="com.shubhangi.LoginForm">
        <test-method status="PASS" signature="openBrowser()[pri:0, instance:com.shubhangi.LoginForm@26aa12dd]" name="openBrowser" is-config="true" duration-ms="6328" started-at="2020-06-12T11:38:04 IST" finished-at="2020-06-12T11:38:10 IST">
          <reporter-output>
          </reporter-output>
        </test-method> <!-- openBrowser -->
        <test-method status="PASS" signature="form(java.lang.String, java.lang.String, java.lang.String, java.lang.String, java.lang.String, java.lang.String, java.lang.String, java.lang.String, java.lang.String, java.lang.String, java.lang.String, java.lang.String)[pri:0, instance:com.shubhangi.LoginForm@26aa12dd]" name="form" duration-ms="41124" started-at="2020-06-12T11:38:13 IST" data-provider="testdata" finished-at="2020-06-12T11:38:54 IST">
          <params>
            <param index="0">
              <value>
                <![CDATA[Shubhangi]]>
              </value>
            </param>
            <param index="1">
              <value>
                <![CDATA[Pandey]]>
              </value>
            </param>
            <param index="2">
              <value>
                <![CDATA[shubha120294@gmail.com]]>
              </value>
            </param>
            <param index="3">
              <value>
                <![CDATA[female]]>
              </value>
            </param>
            <param index="4">
              <value>
                <![CDATA[7985555488]]>
              </value>
            </param>
            <param index="5">
              <value>
                <![CDATA[computer]]>
              </value>
            </param>
            <param index="6">
              <value>
                <![CDATA[Music]]>
              </value>
            </param>
            <param index="7">
              <value>
                <![CDATA[testData/download.jpg]]>
              </value>
            </param>
            <param index="8">
              <value>
                <![CDATA[123 abctwn]]>
              </value>
            </param>
            <param index="9">
              <value>
                <![CDATA[ncr]]>
              </value>
            </param>
            <param index="10">
              <value>
                <![CDATA[de]]>
              </value>
            </param>
            <param index="11">
              <value>
                <![CDATA[12 feb 1995]]>
              </value>
            </param>
          </params>
          <reporter-output>
          </reporter-output>
        </test-method> <!-- form -->
        <test-method status="PASS" signature="close()[pri:0, instance:com.shubhangi.LoginForm@26aa12dd]" name="close" is-config="true" duration-ms="1518" started-at="2020-06-12T11:38:54 IST" finished-at="2020-06-12T11:38:55 IST">
          <reporter-output>
          </reporter-output>
        </test-method> <!-- close -->
      </class> <!-- com.shubhangi.LoginForm -->
    </test> <!-- Default test -->
  </suite> <!-- Default suite -->
</testng-results>
